
╔═══════════════════════════════════════════════════╗
║                                                   ║
║  ██████╗   ██████╗    ██╗      ██████╗   ██╗  ██╗ ║
║ ██╔════╝  ██╔══██╗   ██╔██╗    ██╔══██╗  ██║ ██╔╝ ║
║ ╚█████╗   ██████╔╝  ██╔╝╚██╗   ██████╔╝  █████╔╝  ║
║  ╚═══██╗  ██╔═══╝  ██╔╝  ╚██╗  ██╔══██╗  ██╔═██╗  ║
║ ██████╔╝  ██║     ██╔╝    ╚██╗ ██║  ██║  ██║ ╚██╗ ║
║ ╚═════╝   ╚═╝     ╚═╝      ╚═╝ ╚═╝  ╚═╝  ╚═╝  ╚═╝ ║
║                                                   ║
║     Statistical Physics Autodiff Research Kit     ║
╚═══════════════════════════════════════════════════╝

          V(r)           ψ, φ              q
           │               │               │
           ○               ○               ○
         ╱ | ╲           ╱ | ╲           ╱ | ╲
        ○  ○  ○         ○  ○  ○         ○  ○  ○
         ╲ | ╱           ╲ | ╱           ╲ | ╱
           ○               ○               ○
           │               │               │
          g(r)             F              E(q)

Who needs a neighbor list when you have vibes?


============================================================
  alpha = 150
============================================================

--- Crooks Estimate (alpha=150) ---
N atoms                = 1372
n_passes               = 10
trajectories / dir     = 2560
steps_switch           = 2000
F_EC (COM-constrained) = 6535.613332
ΔF target (EOS, CM)    = -10057.545734
ΔF Crooks crossing     = -10074.603800
ΔF Jarzynski forward   = -inf
ΔF Jarzynski reverse   = -inf
F_LJ abs estimate      = -3546.126933
F_LJ/N estimate        = -2.584641
EOS a_ex/N             = -1.659767
EOS a_id/N             = -0.912441
EOS a/N                = -2.572208
error in a/N           = -0.012433

============================================================
  alpha = 200
============================================================

--- Crooks Estimate (alpha=200) ---
N atoms                = 1372
n_passes               = 10
trajectories / dir     = 2560
steps_switch           = 2000
F_EC (COM-constrained) = 7127.231514
ΔF target (EOS, CM)    = -10649.163916
ΔF Crooks crossing     = -10649.233141
ΔF Jarzynski forward   = -inf
ΔF Jarzynski reverse   = -inf
F_LJ abs estimate      = -3529.138092
F_LJ/N estimate        = -2.572258
EOS a_ex/N             = -1.659767
EOS a_id/N             = -0.912441
EOS a/N                = -2.572208
error in a/N           = -0.000050

============================================================
  alpha = 250
============================================================
