
╔═══════════════════════════════════════════════════╗
║                                                   ║
║  ██████╗   ██████╗    ██╗      ██████╗   ██╗  ██╗ ║
║ ██╔════╝  ██╔══██╗   ██╔██╗    ██╔══██╗  ██║ ██╔╝ ║
║ ╚█████╗   ██████╔╝  ██╔╝╚██╗   ██████╔╝  █████╔╝  ║
║  ╚═══██╗  ██╔═══╝  ██╔╝  ╚██╗  ██╔══██╗  ██╔═██╗  ║
║ ██████╔╝  ██║     ██╔╝    ╚██╗ ██║  ██║  ██║ ╚██╗ ║
║ ╚═════╝   ╚═╝     ╚═╝      ╚═╝ ╚═╝  ╚═╝  ╚═╝  ╚═╝ ║
║                                                   ║
║     Statistical Physics Autodiff Research Kit     ║
╚═══════════════════════════════════════════════════╝

          V(r)           ψ, φ              q
           │               │               │
           ○               ○               ○
         ╱ | ╲           ╱ | ╲           ╱ | ╲
        ○  ○  ○         ○  ○  ○         ○  ○  ○
         ╲ | ╱           ╲ | ╱           ╲ | ╱
           ○               ○               ○
           │               │               │
          g(r)             F              E(q)

It’s not undefined behavior if you don’t define expectations.


============================================================
  alpha=250.0  schedule=cosine  steps_switch=2000  steps_eq=2000
============================================================

--- Crooks Estimate (alpha=250.0) ---
N atoms                = 1372
n_passes               = 10
trajectories / dir     = 2560
steps_switch           = 2000
schedule               = cosine
F_EC (COM-constrained) = 7586.126228
ΔF target (EOS, CM)    = -11108.058629
ΔF Crooks crossing     = -11106.742356
ΔF Jarzynski forward   = -11101.589330
ΔF Jarzynski reverse   = -11109.963318
F_LJ abs estimate      = -3527.752594
F_LJ/N estimate        = -2.571248
EOS a_ex/N             = -1.659767
EOS a_id/N             = -0.912441
EOS a/N                = -2.572208
error in a/N           = 0.000959

Saved results -> /users/1/sull1276/SPARK/examples/LJSolidFreeEnergy/CrooksAgain/crooks_results_alpha250_cosine_sw2000_eq2000.npz

Saved /users/1/sull1276/SPARK/examples/LJSolidFreeEnergy/CrooksAgain/crooks_work_distributions_alpha250_cosine_sw2000_eq2000.png
