
╔═══════════════════════════════════════════════════╗
║                                                   ║
║  ██████╗   ██████╗    ██╗      ██████╗   ██╗  ██╗ ║
║ ██╔════╝  ██╔══██╗   ██╔██╗    ██╔══██╗  ██║ ██╔╝ ║
║ ╚█████╗   ██████╔╝  ██╔╝╚██╗   ██████╔╝  █████╔╝  ║
║  ╚═══██╗  ██╔═══╝  ██╔╝  ╚██╗  ██╔══██╗  ██╔═██╗  ║
║ ██████╔╝  ██║     ██╔╝    ╚██╗ ██║  ██║  ██║ ╚██╗ ║
║ ╚═════╝   ╚═╝     ╚═╝      ╚═╝ ╚═╝  ╚═╝  ╚═╝  ╚═╝ ║
║                                                   ║
║     Statistical Physics Autodiff Research Kit     ║
╚═══════════════════════════════════════════════════╝

          V(r)           ψ, φ              q
           │               │               │
           ○               ○               ○
         ╱ | ╲           ╱ | ╲           ╱ | ╲
        ○  ○  ○         ○  ○  ○         ○  ○  ○
         ╲ | ╱           ╲ | ╱           ╲ | ╱
           ○               ○               ○
           │               │               │
          g(r)             F              E(q)

We're operating in imaginary time, just like grad school!


============================================================
  alpha=200.0  schedule=cosine  steps_switch=2000  steps_eq=2000
============================================================

--- Crooks Estimate (alpha=200.0) ---
N atoms                = 1372
n_passes               = 10
trajectories / dir     = 2560
steps_switch           = 2000
schedule               = cosine
F_EC (COM-constrained) = 7127.231514
ΔF target (EOS, CM)    = -10649.163916
ΔF Crooks crossing     = -10656.992496
ΔF Jarzynski forward   = -10649.011075
ΔF Jarzynski reverse   = -10664.869733
F_LJ abs estimate      = -3536.897447
F_LJ/N estimate        = -2.577914
EOS a_ex/N             = -1.659767
EOS a_id/N             = -0.912441
EOS a/N                = -2.572208
error in a/N           = -0.005706

Saved results -> /users/1/sull1276/SPARK/examples/LJSolidFreeEnergy/CrooksAgain/crooks_results_alpha200_cosine_sw2000_eq2000.npz

Saved /users/1/sull1276/SPARK/examples/LJSolidFreeEnergy/CrooksAgain/crooks_work_distributions_alpha200_cosine_sw2000_eq2000.png
