
╔═══════════════════════════════════════════════════╗
║                                                   ║
║  ██████╗   ██████╗    ██╗      ██████╗   ██╗  ██╗ ║
║ ██╔════╝  ██╔══██╗   ██╔██╗    ██╔══██╗  ██║ ██╔╝ ║
║ ╚█████╗   ██████╔╝  ██╔╝╚██╗   ██████╔╝  █████╔╝  ║
║  ╚═══██╗  ██╔═══╝  ██╔╝  ╚██╗  ██╔══██╗  ██╔═██╗  ║
║ ██████╔╝  ██║     ██╔╝    ╚██╗ ██║  ██║  ██║ ╚██╗ ║
║ ╚═════╝   ╚═╝     ╚═╝      ╚═╝ ╚═╝  ╚═╝  ╚═╝  ╚═╝ ║
║                                                   ║
║     Statistical Physics Autodiff Research Kit     ║
╚═══════════════════════════════════════════════════╝

          V(r)           ψ, φ              q
           │               │               │
           ○               ○               ○
         ╱ | ╲           ╱ | ╲           ╱ | ╲
        ○  ○  ○         ○  ○  ○         ○  ○  ○
         ╲ | ╱           ╲ | ╱           ╲ | ╱
           ○               ○               ○
           │               │               │
          g(r)             F              E(q)

This manuscript would benefit from not being submitted. - reviewer 2


============================================================
  alpha=250.0  schedule=linear  steps_switch=3000  steps_eq=2000
============================================================

--- Crooks Estimate (alpha=250.0) ---
N atoms                = 1372
n_passes               = 10
trajectories / dir     = 2560
steps_switch           = 3000
schedule               = linear
F_EC (COM-constrained) = 7586.126228
ΔF target (EOS, CM)    = -11108.058629
ΔF Crooks crossing     = -11106.112744
ΔF Jarzynski forward   = -11103.340472
ΔF Jarzynski reverse   = -11109.586645
F_LJ abs estimate      = -3527.122982
F_LJ/N estimate        = -2.570789
EOS a_ex/N             = -1.659767
EOS a_id/N             = -0.912441
EOS a/N                = -2.572208
error in a/N           = 0.001418

Saved results -> /users/1/sull1276/SPARK/examples/LJSolidFreeEnergy/CrooksAgain/crooks_results_alpha250_linear_sw3000_eq2000.npz

Saved /users/1/sull1276/SPARK/examples/LJSolidFreeEnergy/CrooksAgain/crooks_work_distributions_alpha250_linear_sw3000_eq2000.png
